build/app/intermediates/manifest_merge_blame_file/debug/manifest-merger-blame-debug-report.txt
1<?xml version="1.0" encoding="utf-8"?>
2<manifest xmlns:android="http://schemas.android.com/apk/res/android"
3    package="com.example.pickandgo"
4    android:versionCode="1"
5    android:versionName="1.0.0" >
6
7    <uses-sdk
8        android:minSdkVersion="29"
9        android:targetSdkVersion="31" />
10    <!--
11         Flutter needs it to communicate with the running application
12         to allow setting breakpoints, to provide hot reload, etc.
13    -->
14    <uses-permission android:name="android.permission.INTERNET" />
14-->src/main/AndroidManifest.xml:9:5-67
14-->src/main/AndroidManifest.xml:9:22-64
15    <uses-permission android:name="android.permission.ACCESS_FINE_LOCATION" />
15-->src/main/AndroidManifest.xml:5:5-79
15-->src/main/AndroidManifest.xml:5:22-76
16    <uses-permission android:name="android.permission.ACCESS_BACKGROUND_LOCATION" />
16-->src/main/AndroidManifest.xml:6:5-85
16-->src/main/AndroidManifest.xml:6:22-82
17    <uses-permission android:name="android.permission.WAKE_LOCK" />
17-->src/main/AndroidManifest.xml:7:5-68
17-->src/main/AndroidManifest.xml:7:22-65
18    <uses-permission android:name="android.permission.FOREGROUND_SERVICE" />
18-->src/main/AndroidManifest.xml:8:5-77
18-->src/main/AndroidManifest.xml:8:22-74
19    <uses-permission android:name="android.permission.READ_EXTERNAL_STORAGE" />
19-->[:file_picker] AndroidManifest.xml:7:5-80
19-->[:file_picker] AndroidManifest.xml:7:22-77
20
21    <queries>
21-->[:file_picker] AndroidManifest.xml:9:5-15:15
22        <intent>
22-->[:file_picker] AndroidManifest.xml:10:9-14:18
23            <action android:name="android.intent.action.GET_CONTENT" />
23-->[:file_picker] AndroidManifest.xml:11:13-72
23-->[:file_picker] AndroidManifest.xml:11:21-69
24
25            <data android:mimeType="*/*" />
25-->[:file_picker] AndroidManifest.xml:13:13-44
25-->[:file_picker] AndroidManifest.xml:13:19-41
26        </intent>
27    </queries>
28
29    <uses-permission android:name="android.permission.RECEIVE_BOOT_COMPLETED" />
29-->[:flutter_local_notifications] AndroidManifest.xml:7:5-81
29-->[:flutter_local_notifications] AndroidManifest.xml:7:22-78
30    <uses-permission android:name="android.permission.VIBRATE" />
30-->[:flutter_local_notifications] AndroidManifest.xml:8:5-66
30-->[:flutter_local_notifications] AndroidManifest.xml:8:22-63
31    <uses-permission android:name="android.permission.USE_FULL_SCREEN_INTENT" />
31-->[:flutter_local_notifications] AndroidManifest.xml:9:5-81
31-->[:flutter_local_notifications] AndroidManifest.xml:9:22-78
32    <uses-permission android:name="android.permission.SCHEDULE_EXACT_ALARM" />
32-->[:flutter_local_notifications] AndroidManifest.xml:10:5-79
32-->[:flutter_local_notifications] AndroidManifest.xml:10:22-76
33    <uses-permission android:name="android.permission.REQUEST_INSTALL_PACKAGES" />
33-->[:open_file] AndroidManifest.xml:8:5-83
33-->[:open_file] AndroidManifest.xml:8:22-80
34    <uses-permission android:name="android.permission.ACCESS_COARSE_LOCATION" />
34-->[:location] AndroidManifest.xml:7:5-81
34-->[:location] AndroidManifest.xml:7:22-78
35    <uses-permission android:name="android.permission.ACCESS_NETWORK_STATE" />
35-->[com.google.firebase:firebase-auth:21.0.1] AndroidManifest.xml:24:5-79
35-->[com.google.firebase:firebase-auth:21.0.1] AndroidManifest.xml:24:22-76
36
37    <uses-feature
37-->[com.google.android.gms:play-services-maps:17.0.0] AndroidManifest.xml:26:5-28:35
38        android:glEsVersion="0x00020000"
38-->[com.google.android.gms:play-services-maps:17.0.0] AndroidManifest.xml:27:9-41
39        android:required="true" />
39-->[com.google.android.gms:play-services-maps:17.0.0] AndroidManifest.xml:28:9-32
40
41    <uses-permission android:name="com.google.android.finsky.permission.BIND_GET_INSTALL_REFERRER_SERVICE" /> <!-- Include required permissions for Advertising Id -->
41-->[com.google.android.gms:play-services-measurement:20.0.2] AndroidManifest.xml:26:5-110
41-->[com.google.android.gms:play-services-measurement:20.0.2] AndroidManifest.xml:26:22-107
42    <uses-permission android:name="com.google.android.gms.permission.AD_ID" />
42-->[com.google.android.gms:play-services-ads-identifier:18.0.0] AndroidManifest.xml:23:5-79
42-->[com.google.android.gms:play-services-ads-identifier:18.0.0] AndroidManifest.xml:23:22-76
43    <uses-permission android:name="android.permission.ACCESS_WIFI_STATE" />
43-->[com.tencent.bugly:crashreport_upgrade:1.5.23] AndroidManifest.xml:12:5-76
43-->[com.tencent.bugly:crashreport_upgrade:1.5.23] AndroidManifest.xml:12:22-73
44    <uses-permission android:name="android.permission.WRITE_EXTERNAL_STORAGE" />
44-->[com.tencent.bugly:crashreport_upgrade:1.5.23] AndroidManifest.xml:13:5-81
44-->[com.tencent.bugly:crashreport_upgrade:1.5.23] AndroidManifest.xml:13:22-78
45
46    <application
47        android:name="android.app.Application"
48        android:appComponentFactory="androidx.core.app.CoreComponentFactory"
48-->[androidx.core:core:1.6.0] AndroidManifest.xml:24:18-86
49        android:debuggable="true"
50        android:extractNativeLibs="false"
51        android:icon="@mipmap/ic_launcher"
52        android:label="pickandgo"
53        android:usesCleartextTraffic="true" >
53-->[:flutter_bugly] AndroidManifest.xml:9:9-44
54        <meta-data
55            android:name="com.google.android.geo.API_KEY"
56            android:value="AIzaSyAZRCp4Ym1UmyQLLMegVPyrKjduin0MYVg" />
57
58        <activity
59            android:name="com.example.pickandgo.MainActivity"
60            android:configChanges="orientation|keyboardHidden|keyboard|screenSize|smallestScreenSize|locale|layoutDirection|fontScale|screenLayout|density|uiMode"
61            android:exported="true"
62            android:hardwareAccelerated="true"
63            android:launchMode="singleTop"
64            android:showWhenLocked="true"
65            android:theme="@style/LaunchTheme"
66            android:turnScreenOn="true"
67            android:windowSoftInputMode="adjustResize" >
68
69            <!--
70                 Specifies an Android theme to apply to this Activity as soon as
71                 the Android process has started. This theme is visible to the user
72                 while the Flutter UI initializes. After that, this theme continues
73                 to determine the Window background behind the Flutter UI.
74            -->
75            <meta-data
76                android:name="io.flutter.embedding.android.NormalTheme"
77                android:resource="@style/NormalTheme" />
78
79            <intent-filter>
80                <action android:name="android.intent.action.MAIN" />
81
82                <category android:name="android.intent.category.LAUNCHER" />
83            </intent-filter>
84        </activity>
85        <!--
86             Don't delete the meta-data below.
87             This is used by the Flutter tool to generate GeneratedPluginRegistrant.java
88        -->
89        <meta-data
90            android:name="flutterEmbedding"
91            android:value="2" />
92
93        <service
93-->[:cloud_firestore] AndroidManifest.xml:8:9-12:19
94            android:name="com.google.firebase.components.ComponentDiscoveryService"
94-->[:cloud_firestore] AndroidManifest.xml:8:18-89
95            android:directBootAware="true"
95-->[com.google.firebase:firebase-common:20.0.0] AndroidManifest.xml:35:13-43
96            android:exported="false" >
96-->[com.google.firebase:firebase-auth:21.0.1] AndroidManifest.xml:76:13-37
97            <meta-data
97-->[:cloud_firestore] AndroidManifest.xml:9:13-11:85
98                android:name="com.google.firebase.components:io.flutter.plugins.firebase.firestore.FlutterFirebaseFirestoreRegistrar"
98-->[:cloud_firestore] AndroidManifest.xml:10:17-134
99                android:value="com.google.firebase.components.ComponentRegistrar" />
99-->[:cloud_firestore] AndroidManifest.xml:11:17-82
100            <meta-data
100-->[:firebase_auth] AndroidManifest.xml:9:13-11:85
101                android:name="com.google.firebase.components:io.flutter.plugins.firebase.auth.FlutterFirebaseAuthRegistrar"
101-->[:firebase_auth] AndroidManifest.xml:10:17-124
102                android:value="com.google.firebase.components.ComponentRegistrar" />
102-->[:firebase_auth] AndroidManifest.xml:11:17-82
103            <meta-data
103-->[:firebase_storage] AndroidManifest.xml:9:13-11:85
104                android:name="com.google.firebase.components:io.flutter.plugins.firebase.storage.FlutterFirebaseAppRegistrar"
104-->[:firebase_storage] AndroidManifest.xml:10:17-126
105                android:value="com.google.firebase.components.ComponentRegistrar" />
105-->[:firebase_storage] AndroidManifest.xml:11:17-82
106            <meta-data
106-->[:firebase_core] AndroidManifest.xml:9:13-11:85
107                android:name="com.google.firebase.components:io.flutter.plugins.firebase.core.FlutterFirebaseCoreRegistrar"
107-->[:firebase_core] AndroidManifest.xml:10:17-124
108                android:value="com.google.firebase.components.ComponentRegistrar" />
108-->[:firebase_core] AndroidManifest.xml:11:17-82
109            <meta-data
109-->[com.google.firebase:firebase-auth:21.0.1] AndroidManifest.xml:77:13-79:85
110                android:name="com.google.firebase.components:com.google.firebase.auth.FirebaseAuthRegistrar"
110-->[com.google.firebase:firebase-auth:21.0.1] AndroidManifest.xml:78:17-109
111                android:value="com.google.firebase.components.ComponentRegistrar" />
111-->[com.google.firebase:firebase-auth:21.0.1] AndroidManifest.xml:79:17-82
112            <meta-data
112-->[com.google.firebase:firebase-firestore:24.0.1] AndroidManifest.xml:20:13-22:85
113                android:name="com.google.firebase.components:com.google.firebase.firestore.FirestoreRegistrar"
113-->[com.google.firebase:firebase-firestore:24.0.1] AndroidManifest.xml:21:17-111
114                android:value="com.google.firebase.components.ComponentRegistrar" />
114-->[com.google.firebase:firebase-firestore:24.0.1] AndroidManifest.xml:22:17-82
115            <meta-data
115-->[com.google.firebase:firebase-storage:20.0.0] AndroidManifest.xml:33:13-35:85
116                android:name="com.google.firebase.components:com.google.firebase.storage.StorageRegistrar"
116-->[com.google.firebase:firebase-storage:20.0.0] AndroidManifest.xml:34:17-107
117                android:value="com.google.firebase.components.ComponentRegistrar" />
117-->[com.google.firebase:firebase-storage:20.0.0] AndroidManifest.xml:35:17-82
118            <meta-data
118-->[com.google.android.gms:play-services-measurement-api:20.0.2] AndroidManifest.xml:30:13-32:85
119                android:name="com.google.firebase.components:com.google.firebase.analytics.connector.internal.AnalyticsConnectorRegistrar"
119-->[com.google.android.gms:play-services-measurement-api:20.0.2] AndroidManifest.xml:31:17-139
120                android:value="com.google.firebase.components.ComponentRegistrar" />
120-->[com.google.android.gms:play-services-measurement-api:20.0.2] AndroidManifest.xml:32:17-82
121            <meta-data
121-->[com.google.firebase:firebase-installations:17.0.0] AndroidManifest.xml:18:13-20:85
122                android:name="com.google.firebase.components:com.google.firebase.installations.FirebaseInstallationsRegistrar"
122-->[com.google.firebase:firebase-installations:17.0.0] AndroidManifest.xml:19:17-127
123                android:value="com.google.firebase.components.ComponentRegistrar" />
123-->[com.google.firebase:firebase-installations:17.0.0] AndroidManifest.xml:20:17-82
124        </service>
125        <service
125-->[:geolocator_android] AndroidManifest.xml:10:9-14:56
126            android:name="com.baseflow.geolocator.GeolocatorLocationService"
126-->[:geolocator_android] AndroidManifest.xml:11:13-77
127            android:enabled="true"
127-->[:geolocator_android] AndroidManifest.xml:12:13-35
128            android:exported="false"
128-->[:geolocator_android] AndroidManifest.xml:13:13-37
129            android:foregroundServiceType="location" />
129-->[:geolocator_android] AndroidManifest.xml:14:13-53
130
131        <receiver
131-->[:flutter_local_notifications] AndroidManifest.xml:13:9-15:40
132            android:name="com.dexterous.flutterlocalnotifications.ScheduledNotificationReceiver"
132-->[:flutter_local_notifications] AndroidManifest.xml:14:13-97
133            android:exported="false" />
133-->[:flutter_local_notifications] AndroidManifest.xml:15:13-37
134        <receiver
134-->[:flutter_local_notifications] AndroidManifest.xml:16:9-25:20
135            android:name="com.dexterous.flutterlocalnotifications.ScheduledNotificationBootReceiver"
135-->[:flutter_local_notifications] AndroidManifest.xml:17:13-101
136            android:exported="false" >
136-->[:flutter_local_notifications] AndroidManifest.xml:18:13-37
137            <intent-filter>
137-->[:flutter_local_notifications] AndroidManifest.xml:19:13-24:29
138                <action android:name="android.intent.action.BOOT_COMPLETED" />
138-->[:flutter_local_notifications] AndroidManifest.xml:20:17-79
138-->[:flutter_local_notifications] AndroidManifest.xml:20:25-76
139                <action android:name="android.intent.action.MY_PACKAGE_REPLACED" />
139-->[:flutter_local_notifications] AndroidManifest.xml:21:17-84
139-->[:flutter_local_notifications] AndroidManifest.xml:21:25-81
140                <action android:name="android.intent.action.QUICKBOOT_POWERON" />
140-->[:flutter_local_notifications] AndroidManifest.xml:22:17-82
140-->[:flutter_local_notifications] AndroidManifest.xml:22:25-79
141                <action android:name="com.htc.intent.action.QUICKBOOT_POWERON" />
141-->[:flutter_local_notifications] AndroidManifest.xml:23:17-82
141-->[:flutter_local_notifications] AndroidManifest.xml:23:25-79
142            </intent-filter>
143        </receiver>
144
145        <activity
145-->[:url_launcher_android] AndroidManifest.xml:8:9-11:74
146            android:name="io.flutter.plugins.urllauncher.WebViewActivity"
146-->[:url_launcher_android] AndroidManifest.xml:9:13-74
147            android:exported="false"
147-->[:url_launcher_android] AndroidManifest.xml:10:13-37
148            android:theme="@android:style/Theme.NoTitleBar.Fullscreen" />
148-->[:url_launcher_android] AndroidManifest.xml:11:13-71
149        <activity
149-->[:flutter_bugly] AndroidManifest.xml:11:9-14:64
150            android:name="com.tencent.bugly.beta.ui.BetaActivity"
150-->[:flutter_bugly] AndroidManifest.xml:12:13-66
151            android:configChanges="keyboardHidden|orientation|screenSize|locale"
151-->[:flutter_bugly] AndroidManifest.xml:13:13-81
152            android:theme="@android:style/Theme.Translucent" />
152-->[:flutter_bugly] AndroidManifest.xml:14:13-61
153
154        <provider
154-->[:flutter_bugly] AndroidManifest.xml:16:9-24:20
155            android:name="com.tencent.bugly.beta.utils.BuglyFileProvider"
155-->[:flutter_bugly] AndroidManifest.xml:17:13-74
156            android:authorities="com.example.pickandgo.fileProvider"
156-->[:flutter_bugly] AndroidManifest.xml:18:13-64
157            android:exported="false"
157-->[:flutter_bugly] AndroidManifest.xml:19:13-37
158            android:grantUriPermissions="true" >
158-->[:flutter_bugly] AndroidManifest.xml:20:13-47
159            <meta-data
159-->[:flutter_bugly] AndroidManifest.xml:21:13-23:58
160                android:name="android.support.FILE_PROVIDER_PATHS"
160-->[:flutter_bugly] AndroidManifest.xml:22:17-67
161                android:resource="@xml/provider_paths" />
161-->[:flutter_bugly] AndroidManifest.xml:23:17-55
162        </provider>
163        <provider
163-->[:open_file] AndroidManifest.xml:12:9-21:20
164            android:name="com.crazecoder.openfile.FileProvider"
164-->[:open_file] AndroidManifest.xml:13:13-64
165            android:authorities="com.example.pickandgo.fileProvider.com.crazecoder.openfile"
165-->[:open_file] AndroidManifest.xml:14:13-88
166            android:exported="false"
166-->[:open_file] AndroidManifest.xml:15:13-37
167            android:grantUriPermissions="true" >
167-->[:open_file] AndroidManifest.xml:16:13-47
168            <meta-data
168-->[:flutter_bugly] AndroidManifest.xml:21:13-23:58
169                android:name="android.support.FILE_PROVIDER_PATHS"
169-->[:flutter_bugly] AndroidManifest.xml:22:17-67
170                android:resource="@xml/filepaths" />
170-->[:flutter_bugly] AndroidManifest.xml:23:17-55
171        </provider>
172
173        <service
173-->[:location] AndroidManifest.xml:11:9-15:56
174            android:name="com.lyokone.location.FlutterLocationService"
174-->[:location] AndroidManifest.xml:12:13-71
175            android:enabled="true"
175-->[:location] AndroidManifest.xml:13:13-35
176            android:exported="false"
176-->[:location] AndroidManifest.xml:14:13-37
177            android:foregroundServiceType="location" />
177-->[:location] AndroidManifest.xml:15:13-53
178
179        <activity
179-->[com.google.firebase:firebase-auth:21.0.1] AndroidManifest.xml:27:9-44:20
180            android:name="com.google.firebase.auth.internal.GenericIdpActivity"
180-->[com.google.firebase:firebase-auth:21.0.1] AndroidManifest.xml:28:13-80
181            android:excludeFromRecents="true"
181-->[com.google.firebase:firebase-auth:21.0.1] AndroidManifest.xml:29:13-46
182            android:exported="true"
182-->[com.google.firebase:firebase-auth:21.0.1] AndroidManifest.xml:30:13-36
183            android:launchMode="singleTask"
183-->[com.google.firebase:firebase-auth:21.0.1] AndroidManifest.xml:31:13-44
184            android:theme="@android:style/Theme.Translucent.NoTitleBar" >
184-->[com.google.firebase:firebase-auth:21.0.1] AndroidManifest.xml:32:13-72
185            <intent-filter>
185-->[com.google.firebase:firebase-auth:21.0.1] AndroidManifest.xml:33:13-43:29
186                <action android:name="android.intent.action.VIEW" />
186-->[com.google.firebase:firebase-auth:21.0.1] AndroidManifest.xml:34:17-69
186-->[com.google.firebase:firebase-auth:21.0.1] AndroidManifest.xml:34:25-66
187
188                <category android:name="android.intent.category.DEFAULT" />
188-->[com.google.firebase:firebase-auth:21.0.1] AndroidManifest.xml:36:17-76
188-->[com.google.firebase:firebase-auth:21.0.1] AndroidManifest.xml:36:27-73
189                <category android:name="android.intent.category.BROWSABLE" />
189-->[com.google.firebase:firebase-auth:21.0.1] AndroidManifest.xml:37:17-78
189-->[com.google.firebase:firebase-auth:21.0.1] AndroidManifest.xml:37:27-75
190
191                <data
191-->[:file_picker] AndroidManifest.xml:13:13-44
192                    android:host="firebase.auth"
193                    android:path="/"
194                    android:scheme="genericidp" />
195            </intent-filter>
196        </activity>
197        <activity
197-->[com.google.firebase:firebase-auth:21.0.1] AndroidManifest.xml:45:9-62:20
198            android:name="com.google.firebase.auth.internal.RecaptchaActivity"
198-->[com.google.firebase:firebase-auth:21.0.1] AndroidManifest.xml:46:13-79
199            android:excludeFromRecents="true"
199-->[com.google.firebase:firebase-auth:21.0.1] AndroidManifest.xml:47:13-46
200            android:exported="true"
200-->[com.google.firebase:firebase-auth:21.0.1] AndroidManifest.xml:48:13-36
201            android:launchMode="singleTask"
201-->[com.google.firebase:firebase-auth:21.0.1] AndroidManifest.xml:49:13-44
202            android:theme="@android:style/Theme.Translucent.NoTitleBar" >
202-->[com.google.firebase:firebase-auth:21.0.1] AndroidManifest.xml:50:13-72
203            <intent-filter>
203-->[com.google.firebase:firebase-auth:21.0.1] AndroidManifest.xml:51:13-61:29
204                <action android:name="android.intent.action.VIEW" />
204-->[com.google.firebase:firebase-auth:21.0.1] AndroidManifest.xml:34:17-69
204-->[com.google.firebase:firebase-auth:21.0.1] AndroidManifest.xml:34:25-66
205
206                <category android:name="android.intent.category.DEFAULT" />
206-->[com.google.firebase:firebase-auth:21.0.1] AndroidManifest.xml:36:17-76
206-->[com.google.firebase:firebase-auth:21.0.1] AndroidManifest.xml:36:27-73
207                <category android:name="android.intent.category.BROWSABLE" />
207-->[com.google.firebase:firebase-auth:21.0.1] AndroidManifest.xml:37:17-78
207-->[com.google.firebase:firebase-auth:21.0.1] AndroidManifest.xml:37:27-75
208
209                <data
209-->[:file_picker] AndroidManifest.xml:13:13-44
210                    android:host="firebase.auth"
211                    android:path="/"
212                    android:scheme="recaptcha" />
213            </intent-filter>
214        </activity>
215
216        <service
216-->[com.google.firebase:firebase-auth:21.0.1] AndroidManifest.xml:64:9-73:19
217            android:name="com.google.firebase.auth.api.fallback.service.FirebaseAuthFallbackService"
217-->[com.google.firebase:firebase-auth:21.0.1] AndroidManifest.xml:65:13-101
218            android:enabled="true"
218-->[com.google.firebase:firebase-auth:21.0.1] AndroidManifest.xml:66:13-35
219            android:exported="false" >
219-->[com.google.firebase:firebase-auth:21.0.1] AndroidManifest.xml:67:13-37
220            <intent-filter>
220-->[com.google.firebase:firebase-auth:21.0.1] AndroidManifest.xml:68:13-72:29
221                <action android:name="com.google.firebase.auth.api.gms.service.START" />
221-->[com.google.firebase:firebase-auth:21.0.1] AndroidManifest.xml:69:17-89
221-->[com.google.firebase:firebase-auth:21.0.1] AndroidManifest.xml:69:25-86
222
223                <category android:name="android.intent.category.DEFAULT" />
223-->[com.google.firebase:firebase-auth:21.0.1] AndroidManifest.xml:36:17-76
223-->[com.google.firebase:firebase-auth:21.0.1] AndroidManifest.xml:36:27-73
224            </intent-filter>
225        </service>
226
227        <provider
227-->[com.google.firebase:firebase-common:20.0.0] AndroidManifest.xml:26:9-31:39
228            android:name="com.google.firebase.provider.FirebaseInitProvider"
228-->[com.google.firebase:firebase-common:20.0.0] AndroidManifest.xml:27:13-77
229            android:authorities="com.example.pickandgo.firebaseinitprovider"
229-->[com.google.firebase:firebase-common:20.0.0] AndroidManifest.xml:28:13-72
230            android:directBootAware="true"
230-->[com.google.firebase:firebase-common:20.0.0] AndroidManifest.xml:29:13-43
231            android:exported="false"
231-->[com.google.firebase:firebase-common:20.0.0] AndroidManifest.xml:30:13-37
232            android:initOrder="100" /> <!-- Needs to be explicitly declared on P+ -->
232-->[com.google.firebase:firebase-common:20.0.0] AndroidManifest.xml:31:13-36
233        <uses-library
233-->[com.google.android.gms:play-services-maps:17.0.0] AndroidManifest.xml:33:9-35:40
234            android:name="org.apache.http.legacy"
234-->[com.google.android.gms:play-services-maps:17.0.0] AndroidManifest.xml:34:13-50
235            android:required="false" />
235-->[com.google.android.gms:play-services-maps:17.0.0] AndroidManifest.xml:35:13-37
236
237        <activity
237-->[com.google.android.gms:play-services-auth:20.0.1] AndroidManifest.xml:23:9-27:75
238            android:name="com.google.android.gms.auth.api.signin.internal.SignInHubActivity"
238-->[com.google.android.gms:play-services-auth:20.0.1] AndroidManifest.xml:24:13-93
239            android:excludeFromRecents="true"
239-->[com.google.android.gms:play-services-auth:20.0.1] AndroidManifest.xml:25:13-46
240            android:exported="false"
240-->[com.google.android.gms:play-services-auth:20.0.1] AndroidManifest.xml:26:13-37
241            android:theme="@android:style/Theme.Translucent.NoTitleBar" />
241-->[com.google.android.gms:play-services-auth:20.0.1] AndroidManifest.xml:27:13-72
242        <!--
243            Service handling Google Sign-In user revocation. For apps that do not integrate with
244            Google Sign-In, this service will never be started.
245        -->
246        <service
246-->[com.google.android.gms:play-services-auth:20.0.1] AndroidManifest.xml:33:9-37:51
247            android:name="com.google.android.gms.auth.api.signin.RevocationBoundService"
247-->[com.google.android.gms:play-services-auth:20.0.1] AndroidManifest.xml:34:13-89
248            android:exported="true"
248-->[com.google.android.gms:play-services-auth:20.0.1] AndroidManifest.xml:35:13-36
249            android:permission="com.google.android.gms.auth.api.signin.permission.REVOCATION_NOTIFICATION"
249-->[com.google.android.gms:play-services-auth:20.0.1] AndroidManifest.xml:36:13-107
250            android:visibleToInstantApps="true" />
250-->[com.google.android.gms:play-services-auth:20.0.1] AndroidManifest.xml:37:13-48
251
252        <activity
252-->[com.google.android.gms:play-services-base:18.0.1] AndroidManifest.xml:20:9-22:45
253            android:name="com.google.android.gms.common.api.GoogleApiActivity"
253-->[com.google.android.gms:play-services-base:18.0.1] AndroidManifest.xml:20:19-85
254            android:exported="false"
254-->[com.google.android.gms:play-services-base:18.0.1] AndroidManifest.xml:22:19-43
255            android:theme="@android:style/Theme.Translucent.NoTitleBar" />
255-->[com.google.android.gms:play-services-base:18.0.1] AndroidManifest.xml:21:19-78
256
257        <receiver
257-->[com.google.android.gms:play-services-measurement:20.0.2] AndroidManifest.xml:29:9-33:20
258            android:name="com.google.android.gms.measurement.AppMeasurementReceiver"
258-->[com.google.android.gms:play-services-measurement:20.0.2] AndroidManifest.xml:30:13-85
259            android:enabled="true"
259-->[com.google.android.gms:play-services-measurement:20.0.2] AndroidManifest.xml:31:13-35
260            android:exported="false" >
260-->[com.google.android.gms:play-services-measurement:20.0.2] AndroidManifest.xml:32:13-37
261        </receiver>
262
263        <service
263-->[com.google.android.gms:play-services-measurement:20.0.2] AndroidManifest.xml:35:9-38:40
264            android:name="com.google.android.gms.measurement.AppMeasurementService"
264-->[com.google.android.gms:play-services-measurement:20.0.2] AndroidManifest.xml:36:13-84
265            android:enabled="true"
265-->[com.google.android.gms:play-services-measurement:20.0.2] AndroidManifest.xml:37:13-35
266            android:exported="false" />
266-->[com.google.android.gms:play-services-measurement:20.0.2] AndroidManifest.xml:38:13-37
267        <service
267-->[com.google.android.gms:play-services-measurement:20.0.2] AndroidManifest.xml:39:9-43:72
268            android:name="com.google.android.gms.measurement.AppMeasurementJobService"
268-->[com.google.android.gms:play-services-measurement:20.0.2] AndroidManifest.xml:40:13-87
269            android:enabled="true"
269-->[com.google.android.gms:play-services-measurement:20.0.2] AndroidManifest.xml:41:13-35
270            android:exported="false"
270-->[com.google.android.gms:play-services-measurement:20.0.2] AndroidManifest.xml:42:13-37
271            android:permission="android.permission.BIND_JOB_SERVICE" />
271-->[com.google.android.gms:play-services-measurement:20.0.2] AndroidManifest.xml:43:13-69
272
273        <meta-data
273-->[com.google.android.gms:play-services-basement:18.0.0] AndroidManifest.xml:21:9-23:69
274            android:name="com.google.android.gms.version"
274-->[com.google.android.gms:play-services-basement:18.0.0] AndroidManifest.xml:22:13-58
275            android:value="@integer/google_play_services_version" />
275-->[com.google.android.gms:play-services-basement:18.0.0] AndroidManifest.xml:23:13-66
276
277        <activity android:name="com.tencent.bugly.beta.ui.BetaActiveAlertActivity" /> <!-- 配置tinker合成结果service -->
277-->[com.tencent.bugly:crashreport_upgrade:1.5.23] AndroidManifest.xml:17:9-86
277-->[com.tencent.bugly:crashreport_upgrade:1.5.23] AndroidManifest.xml:17:19-83
278        <service
278-->[com.tencent.bugly:crashreport_upgrade:1.5.23] AndroidManifest.xml:36:9-39:72
279            android:name="com.tencent.bugly.beta.tinker.TinkerResultService"
279-->[com.tencent.bugly:crashreport_upgrade:1.5.23] AndroidManifest.xml:37:13-77
280            android:exported="false"
280-->[com.tencent.bugly:crashreport_upgrade:1.5.23] AndroidManifest.xml:38:13-37
281            android:permission="android.permission.BIND_JOB_SERVICE" />
281-->[com.tencent.bugly:crashreport_upgrade:1.5.23] AndroidManifest.xml:39:13-69
282    </application>
283
284</manifest>